[*] Traceback (most recent call last):
  File "artifect_find.py", line 225, in main
    parseDEX()
  File "artifect_find.py", line 124, in parseDEX
    findSuspicious(string)
  File "artifect_find.py", line 100, in findSuspicious
    ip 		= re.findall(r'^\d{1,3}\.\d{1,3}\.\d{1,3}\.\d{1,3}$', stringlist[i])
  File "/usr/lib/python3.4/re.py", line 210, in findall
    return _compile(pattern, flags).findall(string)
TypeError: can't use a string pattern on a bytes-like object

[*] Traceback (most recent call last):
  File "artifect_find.py", line 225, in main
    parseDEX()
  File "artifect_find.py", line 124, in parseDEX
    findSuspicious(string)
  File "artifect_find.py", line 100, in findSuspicious
    ip 	= re.findall(b'^\d{1,3}\.\d{1,3}\.\d{1,3}\.\d{1,3}$', stringlist[i]).decode('utf-8')
AttributeError: 'list' object has no attribute 'decode'

[*] Traceback (most recent call last):
  File "artifect_find.py", line 230, in main
    parse_icon(apkfile)
  File "artifect_find.py", line 191, in parse_icon
    if (filename.find >= 0):
TypeError: unorderable types: builtin_function_or_method() >= int()

[*] Traceback (most recent call last):
  File "artifect_find.py", line 232, in main
    getManifest(apkfile)
  File "artifect_find.py", line 91, in getManifest
    subprocess.call(infocmd > result.txt,shell=True)
NameError: name 'result' is not defined

[*] Traceback (most recent call last):
  File "artifect_find.py", line 234, in main
    getManifest(apkfile)
  File "artifect_find.py", line 92, in getManifest
    data = result.read().strip()
AttributeError: 'int' object has no attribute 'read'

[*] Traceback (most recent call last):
  File "artifect_find.py", line 235, in main
    getManifest(apkfile)
  File "artifect_find.py", line 91, in getManifest
    result = subprocess.Popen(infocmd,stdout=subprocess.PIPE).stdout
  File "/usr/lib/python3.4/subprocess.py", line 859, in __init__
    restore_signals, start_new_session)
  File "/usr/lib/python3.4/subprocess.py", line 1457, in _execute_child
    raise child_exception_type(errno_num, err_msg)
FileNotFoundError: [Errno 2] No such file or directory: 'aapt dump badging AsaraTTA.apk | grep uses-permission'

[*] Traceback (most recent call last):
  File "artifect_find.py", line 235, in main
    getManifest(apkfile)
  File "artifect_find.py", line 93, in getManifest
    for i in range(len(f)):
TypeError: object of type '_io.TextIOWrapper' has no len()

[*] Traceback (most recent call last):
  File "artifect_find.py", line 243, in main
    getManifest(apkfile)
TypeError: getManifest() missing 1 required positional argument: 'apkfile'

[*] Traceback (most recent call last):
  File "artifect_find.py", line 243, in main
    getManifest(cur,apkfile)
NameError: name 'cur' is not defined

[*] Traceback (most recent call last):
  File "artifect_find.py", line 243, in main
    getManifest(apkfile)
  File "artifect_find.py", line 100, in getManifest
    mysql_list.append(line)
AttributeError: 'str' object has no attribute 'append'

[*] Traceback (most recent call last):
  File "artifect_find.py", line 243, in main
    getManifest(apkfile)
  File "artifect_find.py", line 100, in getManifest
    mysql_list.append(str(line))
AttributeError: 'str' object has no attribute 'append'

[*] Traceback (most recent call last):
  File "artifect_find.py", line 244, in main
    getManifest(apkfile)
  File "artifect_find.py", line 100, in getManifest
    mysql_list.join('.',line)
TypeError: join() takes exactly one argument (2 given)

[*] Traceback (most recent call last):
  File "artifect_find.py", line 251, in main
    parseDEX()
  File "artifect_find.py", line 142, in parseDEX
    findSuspicious(string)
  File "artifect_find.py", line 122, in findSuspicious
    urllist += (str(url[0])).translate(None,"\'")
TypeError: translate() takes exactly one argument (2 given)

[*] Traceback (most recent call last):
  File "artifect_find.py", line 251, in main
    parseDEX()
  File "artifect_find.py", line 142, in parseDEX
    findSuspicious(string)
  File "artifect_find.py", line 122, in findSuspicious
    urllist += (str(url[0])).translate(None,"'")
TypeError: translate() takes exactly one argument (2 given)

